TN:
SF:/mnt/c/Users/mackoy/codefellows/401n13/labs/lab-02-classes-inheritance-functional-programming/list/list.js
FN:5,(anonymous_0)
FN:14,(anonymous_1)
FN:24,(anonymous_2)
FNF:3
FNH:2
FNDA:2,(anonymous_0)
FNDA:2,(anonymous_1)
FNDA:0,(anonymous_2)
DA:6,2
DA:7,2
DA:16,2
DA:17,2
DA:25,0
DA:26,0
DA:27,0
DA:28,0
DA:33,1
LF:9
LH:5
BRF:0
BRH:0
end_of_record
TN:
SF:/mnt/c/Users/mackoy/codefellows/401n13/labs/lab-02-classes-inheritance-functional-programming/objects/vehicle-constructor.js
FN:3,(anonymous_0)
FN:8,(anonymous_1)
FN:12,(anonymous_2)
FN:17,(anonymous_3)
FN:23,(anonymous_4)
FN:29,(anonymous_5)
FNF:6
FNH:6
FNDA:4,(anonymous_0)
FNDA:2,(anonymous_1)
FNDA:2,(anonymous_2)
FNDA:1,(anonymous_3)
FNDA:1,(anonymous_4)
FNDA:1,(anonymous_5)
DA:3,1
DA:4,4
DA:5,4
DA:8,1
DA:9,2
DA:12,1
DA:13,2
DA:17,1
DA:18,1
DA:21,1
DA:23,1
DA:24,1
DA:27,1
DA:29,1
DA:30,1
DA:33,1
LF:16
LH:16
BRF:0
BRH:0
end_of_record
